Mon Aug 15 2022 15:13:47 GMT+0530 (India Standard Time) - POST - /users 
Mon Aug 15 2022 15:16:44 GMT+0530 (India Standard Time) - POST - /users 
Mon Aug 15 2022 15:19:58 GMT+0530 (India Standard Time) - POST - /users 
Mon Aug 15 2022 15:37:22 GMT+0530 (India Standard Time) - POST - /users 
Mon Aug 15 2022 15:38:29 GMT+0530 (India Standard Time) - POST - /users 
Mon Aug 15 2022 15:41:41 GMT+0530 (India Standard Time) - POST - /users 
Mon Aug 15 2022 15:42:36 GMT+0530 (India Standard Time) - POST - /users 
Mon Aug 15 2022 15:44:06 GMT+0530 (India Standard Time) - POST - /users 
Mon Aug 15 2022 15:51:59 GMT+0530 (India Standard Time) - POST - /users 
Mon Aug 15 2022 15:52:30 GMT+0530 (India Standard Time) - POST - /users 
Mon Aug 15 2022 15:52:51 GMT+0530 (India Standard Time) - POST - /users 
Mon Aug 15 2022 15:56:43 GMT+0530 (India Standard Time) - POST - /users 
Mon Aug 15 2022 16:01:19 GMT+0530 (India Standard Time) - POST - /users 
Mon Aug 15 2022 16:05:16 GMT+0530 (India Standard Time) - POST - /users 
Mon Aug 15 2022 16:06:41 GMT+0530 (India Standard Time) - POST - /users 
Mon Aug 15 2022 16:08:29 GMT+0530 (India Standard Time) - POST - /users 
Mon Aug 15 2022 16:24:10 GMT+0530 (India Standard Time) - POST - /users 
Mon Aug 15 2022 17:19:27 GMT+0530 (India Standard Time) - POST - /users 
Mon Aug 15 2022 20:30:42 GMT+0530 (India Standard Time) - POST - /coaches 
Mon Aug 15 2022 20:32:55 GMT+0530 (India Standard Time) - POST - /coaches 
Mon Aug 15 2022 20:35:17 GMT+0530 (India Standard Time) - POST - /coaches 
Mon Aug 15 2022 20:37:30 GMT+0530 (India Standard Time) - POST - /coaches 
Mon Aug 15 2022 20:39:35 GMT+0530 (India Standard Time) - POST - /coaches 
Mon Aug 15 2022 20:43:13 GMT+0530 (India Standard Time) - POST - /coaches 
Mon Aug 15 2022 20:44:03 GMT+0530 (India Standard Time) - POST - /coaches 
Mon Aug 15 2022 20:44:53 GMT+0530 (India Standard Time) - POST - /coaches 
Mon Aug 15 2022 20:47:05 GMT+0530 (India Standard Time) - POST - /coaches 
Mon Aug 15 2022 20:47:32 GMT+0530 (India Standard Time) - POST - /coaches 
Mon Aug 15 2022 21:04:12 GMT+0530 (India Standard Time) - POST - /coaches 
Mon Aug 15 2022 21:06:03 GMT+0530 (India Standard Time) - POST - /coaches 
Mon Aug 15 2022 21:08:41 GMT+0530 (India Standard Time) - POST - /coaches/CI-1004 
Mon Aug 15 2022 21:08:47 GMT+0530 (India Standard Time) - GET - /coaches/CI-1004 
Mon Aug 15 2022 21:11:23 GMT+0530 (India Standard Time) - GET - /coaches/CI-1004 
Mon Aug 15 2022 21:13:56 GMT+0530 (India Standard Time) - GET - /coaches/CI-1004 
Mon Aug 15 2022 21:17:25 GMT+0530 (India Standard Time) - GET - /coaches/CI-1005 
Mon Aug 15 2022 21:17:57 GMT+0530 (India Standard Time) - GET - /coaches/CI-1004 
Mon Aug 15 2022 21:18:17 GMT+0530 (India Standard Time) - GET - /coaches/CI-1004 
Mon Aug 15 2022 21:21:51 GMT+0530 (India Standard Time) - GET - /coaches/UI-1001 
Mon Aug 15 2022 21:22:01 GMT+0530 (India Standard Time) - GET - /users/UI-1001 
Mon Aug 15 2022 21:30:43 GMT+0530 (India Standard Time) - POST - /users 
Mon Aug 15 2022 21:32:33 GMT+0530 (India Standard Time) - POST - /users 
Mon Aug 15 2022 22:53:47 GMT+0530 (India Standard Time) - POST - /users 
Mon Aug 15 2022 22:54:56 GMT+0530 (India Standard Time) - POST - /users 
Mon Aug 15 2022 22:55:46 GMT+0530 (India Standard Time) - POST - /users 
Mon Aug 15 2022 22:57:13 GMT+0530 (India Standard Time) - GET - /users/UI-1002 
Tue Aug 16 2022 00:36:36 GMT+0530 (India Standard Time) - POST - //users/booking/UI-1002/CI-1001 
Tue Aug 16 2022 00:36:50 GMT+0530 (India Standard Time) - POST - /booking/UI-1002/CI-1001 
Tue Aug 16 2022 00:37:53 GMT+0530 (India Standard Time) - POST - /users/booking/UI-1002/CI-1001 
Tue Aug 16 2022 00:39:18 GMT+0530 (India Standard Time) - POST - /users/booking/UI-1002/CI-1001 
Tue Aug 16 2022 00:40:57 GMT+0530 (India Standard Time) - POST - /users/booking/UI-1002/CI-1001 
Tue Aug 16 2022 00:41:49 GMT+0530 (India Standard Time) - POST - /users/booking/UI-1002/CI-1001 
Tue Aug 16 2022 01:04:27 GMT+0530 (India Standard Time) - POST - /users/booking/UI-1002/CI-1001 
Tue Aug 16 2022 01:13:26 GMT+0530 (India Standard Time) - POST - /users/booking/UI-1002/CI-1001 
Tue Aug 16 2022 01:18:51 GMT+0530 (India Standard Time) - POST - /users/booking/UI-1002/CI-1001 
Tue Aug 16 2022 01:20:18 GMT+0530 (India Standard Time) - POST - /users/booking/UI-1002/CI-1001 
Tue Aug 16 2022 01:22:17 GMT+0530 (India Standard Time) - POST - /users/booking/UI-1002/CI-1001 
Tue Aug 16 2022 01:24:16 GMT+0530 (India Standard Time) - POST - /users/booking/UI-1002/CI-1001 
Tue Aug 16 2022 01:26:50 GMT+0530 (India Standard Time) - POST - /users/booking/UI-1002/CI-1001 
Tue Aug 16 2022 01:28:03 GMT+0530 (India Standard Time) - POST - /users/booking/UI-1002/CI-1001 
Tue Aug 16 2022 01:30:22 GMT+0530 (India Standard Time) - POST - /users/booking/UI-1002/CI-1001 
Tue Aug 16 2022 01:34:28 GMT+0530 (India Standard Time) - POST - /users/booking/UI-1002/CI-1001 
Tue Aug 16 2022 01:48:38 GMT+0530 (India Standard Time) - POST - /users/booking/UI-1002/CI-1001 
Tue Aug 16 2022 01:54:14 GMT+0530 (India Standard Time) - POST - /users/booking/UI-1002/CI-1001 
Tue Aug 16 2022 11:54:27 GMT+0530 (India Standard Time) - POST - /users/booking/UI-1002/CI-1001 
Tue Aug 16 2022 11:55:41 GMT+0530 (India Standard Time) - POST - /users/booking/UI-1002/CI-1001 
Tue Aug 16 2022 11:56:37 GMT+0530 (India Standard Time) - POST - /users/booking/UI-1002/CI-1001 
Tue Aug 16 2022 12:26:51 GMT+0530 (India Standard Time) - POST - /users/booking/UI-1002/CI-1001 
Tue Aug 16 2022 12:30:47 GMT+0530 (India Standard Time) - POST - /users/booking/UI-1002/CI-1001 
Tue Aug 16 2022 12:31:15 GMT+0530 (India Standard Time) - POST - /users/booking/UI-1002/CI-1001 
Tue Aug 16 2022 12:31:36 GMT+0530 (India Standard Time) - POST - /users/booking/UI-1002/CI-1001 
Tue Aug 16 2022 12:31:47 GMT+0530 (India Standard Time) - POST - /users/booking/UI-1002/CI-1001 
Tue Aug 16 2022 12:36:04 GMT+0530 (India Standard Time) - POST - /users/booking/UI-1002/CI-1001 
Tue Aug 16 2022 12:59:33 GMT+0530 (India Standard Time) - POST - //users/login 
Tue Aug 16 2022 12:59:58 GMT+0530 (India Standard Time) - POST - /users/login 
Tue Aug 16 2022 13:01:34 GMT+0530 (India Standard Time) - POST - /users/login 
Tue Aug 16 2022 13:11:50 GMT+0530 (India Standard Time) - POST - /users/login 
Tue Aug 16 2022 13:12:42 GMT+0530 (India Standard Time) - POST - /users/login 
Tue Aug 16 2022 13:13:01 GMT+0530 (India Standard Time) - POST - /users/login 
Tue Aug 16 2022 13:13:35 GMT+0530 (India Standard Time) - POST - /users/login 
Tue Aug 16 2022 13:13:59 GMT+0530 (India Standard Time) - POST - /users/login 
Tue Aug 16 2022 13:14:07 GMT+0530 (India Standard Time) - POST - /users/login 
Tue Aug 16 2022 13:14:33 GMT+0530 (India Standard Time) - POST - /users/login 
Tue Aug 16 2022 13:38:15 GMT+0530 (India Standard Time) - POST - /coaches/login 
Tue Aug 16 2022 13:38:31 GMT+0530 (India Standard Time) - POST - /coaches/login 
Tue Aug 16 2022 13:44:59 GMT+0530 (India Standard Time) - POST - /coaches/all 
Tue Aug 16 2022 13:45:04 GMT+0530 (India Standard Time) - GET - /coaches/all 
Tue Aug 16 2022 14:29:13 GMT+0530 (India Standard Time) - PUT - /booking/AI-1003 
Tue Aug 16 2022 14:29:58 GMT+0530 (India Standard Time) - PUT - /booking/AI-1003 
Tue Aug 16 2022 14:35:28 GMT+0530 (India Standard Time) - DELETE - /booking/AI-1004 
Tue Aug 16 2022 14:35:36 GMT+0530 (India Standard Time) - DELETE - /booking/AI-1003 
Tue Aug 16 2022 14:44:49 GMT+0530 (India Standard Time) - GET - /coaches/booking/CI-1002 
Tue Aug 16 2022 14:45:21 GMT+0530 (India Standard Time) - GET - /coaches/booking/CI-1002 
Tue Aug 16 2022 14:45:28 GMT+0530 (India Standard Time) - GET - /coaches/booking/CI-1001 
Tue Aug 16 2022 14:48:35 GMT+0530 (India Standard Time) - GET - /users/booking/UI-1001 
Tue Aug 16 2022 14:54:02 GMT+0530 (India Standard Time) - POST - /users/booking/UI-1001/CI-1001 
Tue Aug 16 2022 14:54:13 GMT+0530 (India Standard Time) - POST - /users/booking/UI-1002/CI-1001 
Tue Aug 16 2022 14:54:23 GMT+0530 (India Standard Time) - POST - /users/booking/UI-1002/CI-1001 
Tue Aug 16 2022 14:54:40 GMT+0530 (India Standard Time) - POST - /users/booking/UI-1002/CI-1002 
Tue Aug 16 2022 14:54:56 GMT+0530 (India Standard Time) - POST - /users/booking/UI-1002/CI-1002 
Tue Aug 16 2022 14:55:08 GMT+0530 (India Standard Time) - POST - /users/booking/UI-1001/CI-1002 
Tue Aug 16 2022 14:55:18 GMT+0530 (India Standard Time) - POST - /users/booking/UI-1001/CI-1001 
Tue Aug 16 2022 14:56:26 GMT+0530 (India Standard Time) - GET - /users/booking/UI-1001 
Tue Aug 16 2022 15:00:30 GMT+0530 (India Standard Time) - GET - /all 
Tue Aug 16 2022 15:00:47 GMT+0530 (India Standard Time) - GET - /all 
Wed Aug 17 2022 01:23:51 GMT+0530 (India Standard Time) - GET - /UI-1001 
Wed Aug 17 2022 01:25:24 GMT+0530 (India Standard Time) - GET - /users/UI-1001 
Wed Aug 17 2022 01:27:26 GMT+0530 (India Standard Time) - GET - /users/UI-1001 
Wed Aug 17 2022 01:28:55 GMT+0530 (India Standard Time) - GET - /users/booking/UI-1001 
Wed Aug 17 2022 01:29:56 GMT+0530 (India Standard Time) - GET - /coaches/booking/CI-1001 
Wed Aug 17 2022 01:30:02 GMT+0530 (India Standard Time) - GET - /coaches/booking/CI-1004 
Wed Aug 17 2022 01:30:48 GMT+0530 (India Standard Time) - GET - /booking/AI-1001 
Wed Aug 17 2022 01:31:23 GMT+0530 (India Standard Time) - DELETE - /booking/AI-1004 
Wed Aug 17 2022 01:31:32 GMT+0530 (India Standard Time) - DELETE - /booking/AI-1003 
Wed Aug 17 2022 01:33:03 GMT+0530 (India Standard Time) - PUT - /booking/AI-1002 
Wed Aug 17 2022 01:36:39 GMT+0530 (India Standard Time) - POST - /users/login 
Wed Aug 17 2022 01:36:45 GMT+0530 (India Standard Time) - POST - /users/login 
Wed Aug 17 2022 14:26:56 GMT+0530 (India Standard Time) - POST - /users 
Wed Aug 17 2022 14:28:01 GMT+0530 (India Standard Time) - POST - /users/login 
Wed Aug 17 2022 14:28:22 GMT+0530 (India Standard Time) - POST - /users/login 
Wed Aug 17 2022 14:38:59 GMT+0530 (India Standard Time) - POST - /coaches 
Wed Aug 17 2022 15:18:28 GMT+0530 (India Standard Time) - POST - /users 
Wed Aug 17 2022 15:21:10 GMT+0530 (India Standard Time) - GET - /coaches/all 
Wed Aug 17 2022 15:31:02 GMT+0530 (India Standard Time) - GET - /coaches/login 
Wed Aug 17 2022 15:31:08 GMT+0530 (India Standard Time) - GET - /coaches/login 
Wed Aug 17 2022 15:34:19 GMT+0530 (India Standard Time) - GET - /coaches/login 
Wed Aug 17 2022 15:34:55 GMT+0530 (India Standard Time) - GET - /coaches/login 
Wed Aug 17 2022 15:35:35 GMT+0530 (India Standard Time) - POST - /coaches/login 
Wed Aug 17 2022 15:35:42 GMT+0530 (India Standard Time) - POST - /coaches/login 
Wed Aug 17 2022 15:36:44 GMT+0530 (India Standard Time) - GET - /coaches/CI-1004 
Wed Aug 17 2022 15:50:03 GMT+0530 (India Standard Time) - GET - /users/UI-1001 
Wed Aug 17 2022 15:50:19 GMT+0530 (India Standard Time) - GET - /coaches/users/UI-1001 
Wed Aug 17 2022 15:50:49 GMT+0530 (India Standard Time) - GET - /users/UI-1001 
Wed Aug 17 2022 16:03:21 GMT+0530 (India Standard Time) - GET - /users/UI-1001/CI-1001 
Wed Aug 17 2022 16:03:43 GMT+0530 (India Standard Time) - GET - /users/booking/UI-1001/CI-1001 
Wed Aug 17 2022 16:04:24 GMT+0530 (India Standard Time) - POST - /users/booking/UI-1001/CI-1001 
Fri Sep 16 2022 20:40:08 GMT+0530 (India Standard Time) - GET - /users 
Fri Sep 16 2022 20:44:10 GMT+0530 (India Standard Time) - GET - /users 
Mon May 29 2023 11:29:05 GMT+0530 (India Standard Time) - GET - / 
Mon May 29 2023 11:29:39 GMT+0530 (India Standard Time) - GET - / 
Mon May 29 2023 11:29:50 GMT+0530 (India Standard Time) - GET - / 
Sat Jul 08 2023 14:24:05 GMT+0530 (India Standard Time) - GET - / 
Sat Sep 23 2023 13:11:10 GMT+0530 (India Standard Time) - GET - / 
Sat Sep 23 2023 13:12:58 GMT+0530 (India Standard Time) - GET - /users 
Sat Sep 23 2023 13:13:02 GMT+0530 (India Standard Time) - GET - /users 
Sat Sep 23 2023 13:37:32 GMT+0530 (India Standard Time) - GET - /coaches?id=2&password=amisha@123 
Sat Sep 23 2023 13:37:46 GMT+0530 (India Standard Time) - GET - /coaches?id=2&password=amisha@123 
Sat Sep 23 2023 13:38:16 GMT+0530 (India Standard Time) - GET - /coaches/all 
Sat Sep 23 2023 14:32:38 GMT+0530 (India Standard Time) - GET - /coaches/CI-1001 
